--------------- Rebuild Started: 04/09/2016 20:06:00 Project: SingleBoardDesign-046, Configuration: ARM GCC 4.9-2015-q1-update Debug ---------------
Deleting file ".\CortexM0\ARM_GCC_493\Debug\main.o"
Deleting file ".\CortexM0\ARM_GCC_493\Debug\cyfitter_cfg.o"
Deleting file ".\CortexM0\ARM_GCC_493\Debug\cymetadata.o"
Deleting file ".\CortexM0\ARM_GCC_493\Debug\PWM_1MHz.o"
Deleting file ".\CortexM0\ARM_GCC_493\Debug\Cm0Start.o"
Deleting file ".\CortexM0\ARM_GCC_493\Debug\CyBootAsmGnu.o"
Deleting file ".\CortexM0\ARM_GCC_493\Debug\CyFlash.o"
Deleting file ".\CortexM0\ARM_GCC_493\Debug\CyLib.o"
Deleting file ".\CortexM0\ARM_GCC_493\Debug\cyPm.o"
Deleting file ".\CortexM0\ARM_GCC_493\Debug\cyutils.o"
Deleting file ".\CortexM0\ARM_GCC_493\Debug\CyDMA.o"
Deleting file ".\CortexM0\ARM_GCC_493\Debug\CyLFClk.o"
Deleting file ".\CortexM0\ARM_GCC_493\Debug\HCSR04_Control.o"
Deleting file ".\CortexM0\ARM_GCC_493\Debug\HCSR04_Control_PM.o"
Deleting file ".\CortexM0\ARM_GCC_493\Debug\HCSR04_Clock.o"
Deleting file ".\CortexM0\ARM_GCC_493\Debug\HCSR04_Timeout_Intr.o"
Deleting file ".\CortexM0\ARM_GCC_493\Debug\HCSR04_Timer.o"
Deleting file ".\CortexM0\ARM_GCC_493\Debug\HCSR04_Timer_PM.o"
Deleting file ".\CortexM0\ARM_GCC_493\Debug\Infrared_ADC.o"
Deleting file ".\CortexM0\ARM_GCC_493\Debug\Infrared_ADC_PM.o"
Deleting file ".\CortexM0\ARM_GCC_493\Debug\Infrared_ADC_INT.o"
Deleting file ".\CortexM0\ARM_GCC_493\Debug\Infrared_Distance_Pin_15.o"
Deleting file ".\CortexM0\ARM_GCC_493\Debug\Infrared_Distance_Pin_15_PM.o"
Deleting file ".\CortexM0\ARM_GCC_493\Debug\Infrared_Distance_Pin_14.o"
Deleting file ".\CortexM0\ARM_GCC_493\Debug\Infrared_Distance_Pin_14_PM.o"
Deleting file ".\CortexM0\ARM_GCC_493\Debug\Infrared_Distance_Pin_13.o"
Deleting file ".\CortexM0\ARM_GCC_493\Debug\Infrared_Distance_Pin_13_PM.o"
Deleting file ".\CortexM0\ARM_GCC_493\Debug\Infrared_Distance_Pin_12.o"
Deleting file ".\CortexM0\ARM_GCC_493\Debug\Infrared_Distance_Pin_12_PM.o"
Deleting file ".\CortexM0\ARM_GCC_493\Debug\Infrared_Distance_Pin_11.o"
Deleting file ".\CortexM0\ARM_GCC_493\Debug\Infrared_Distance_Pin_11_PM.o"
Deleting file ".\CortexM0\ARM_GCC_493\Debug\Infrared_Distance_Pin_10.o"
Deleting file ".\CortexM0\ARM_GCC_493\Debug\Infrared_Distance_Pin_10_PM.o"
Deleting file ".\CortexM0\ARM_GCC_493\Debug\Infrared_Distance_Pin_9.o"
Deleting file ".\CortexM0\ARM_GCC_493\Debug\Infrared_Distance_Pin_9_PM.o"
Deleting file ".\CortexM0\ARM_GCC_493\Debug\Infrared_Distance_Pin_8.o"
Deleting file ".\CortexM0\ARM_GCC_493\Debug\Infrared_Distance_Pin_8_PM.o"
Deleting file ".\CortexM0\ARM_GCC_493\Debug\Infrared_Distance_Pin_7.o"
Deleting file ".\CortexM0\ARM_GCC_493\Debug\Infrared_Distance_Pin_7_PM.o"
Deleting file ".\CortexM0\ARM_GCC_493\Debug\Infrared_Distance_Pin_6.o"
Deleting file ".\CortexM0\ARM_GCC_493\Debug\Infrared_Distance_Pin_6_PM.o"
Deleting file ".\CortexM0\ARM_GCC_493\Debug\Infrared_Distance_Pin_5.o"
Deleting file ".\CortexM0\ARM_GCC_493\Debug\Infrared_Distance_Pin_5_PM.o"
Deleting file ".\CortexM0\ARM_GCC_493\Debug\Infrared_Distance_Pin_4.o"
Deleting file ".\CortexM0\ARM_GCC_493\Debug\Infrared_Distance_Pin_4_PM.o"
Deleting file ".\CortexM0\ARM_GCC_493\Debug\Infrared_Distance_Pin_3.o"
Deleting file ".\CortexM0\ARM_GCC_493\Debug\Infrared_Distance_Pin_3_PM.o"
Deleting file ".\CortexM0\ARM_GCC_493\Debug\Infrared_Distance_Pin_2.o"
Deleting file ".\CortexM0\ARM_GCC_493\Debug\Infrared_Distance_Pin_2_PM.o"
Deleting file ".\CortexM0\ARM_GCC_493\Debug\Infrared_Distance_Pin_1.o"
Deleting file ".\CortexM0\ARM_GCC_493\Debug\Infrared_Distance_Pin_1_PM.o"
Deleting file ".\CortexM0\ARM_GCC_493\Debug\Infrared_Distance_Pin_0.o"
Deleting file ".\CortexM0\ARM_GCC_493\Debug\Infrared_Distance_Pin_0_PM.o"
Deleting file ".\CortexM0\ARM_GCC_493\Debug\Control_Reg_1.o"
Deleting file ".\CortexM0\ARM_GCC_493\Debug\Control_Reg_1_PM.o"
Deleting file ".\CortexM0\ARM_GCC_493\Debug\Clock_1.o"
Deleting file ".\CortexM0\ARM_GCC_493\Debug\Infrared_ADC_IRQ.o"
Deleting file ".\CortexM0\ARM_GCC_493\Debug\Infrared_ADC_intClock.o"
Deleting file ".\CortexM0\ARM_GCC_493\Debug\Left_HB25_Enable_Pin.o"
Deleting file ".\CortexM0\ARM_GCC_493\Debug\Left_HB25_Enable_Pin_PM.o"
Deleting file ".\CortexM0\ARM_GCC_493\Debug\Left_HB25_PWM.o"
Deleting file ".\CortexM0\ARM_GCC_493\Debug\Left_HB25_PWM_PM.o"
Deleting file ".\CortexM0\ARM_GCC_493\Debug\Right_HB25_PWM_Pin.o"
Deleting file ".\CortexM0\ARM_GCC_493\Debug\Right_HB25_PWM_Pin_PM.o"
Deleting file ".\CortexM0\ARM_GCC_493\Debug\Right_HB25_PWM.o"
Deleting file ".\CortexM0\ARM_GCC_493\Debug\Right_HB25_PWM_PM.o"
Deleting file ".\CortexM0\ARM_GCC_493\Debug\Right_HB25_Enable_Pin.o"
Deleting file ".\CortexM0\ARM_GCC_493\Debug\Right_HB25_Enable_Pin_PM.o"
Deleting file ".\CortexM0\ARM_GCC_493\Debug\Left_HB25_PWM_Pin.o"
Deleting file ".\CortexM0\ARM_GCC_493\Debug\Left_HB25_PWM_Pin_PM.o"
Deleting file ".\CortexM0\ARM_GCC_493\Debug\HCSR04_Echo_5.o"
Deleting file ".\CortexM0\ARM_GCC_493\Debug\HCSR04_Echo_5_PM.o"
Deleting file ".\CortexM0\ARM_GCC_493\Debug\HCSR04_Echo_4.o"
Deleting file ".\CortexM0\ARM_GCC_493\Debug\HCSR04_Echo_4_PM.o"
Deleting file ".\CortexM0\ARM_GCC_493\Debug\HCSR04_Echo_3.o"
Deleting file ".\CortexM0\ARM_GCC_493\Debug\HCSR04_Echo_3_PM.o"
Deleting file ".\CortexM0\ARM_GCC_493\Debug\HCSR04_Echo_2.o"
Deleting file ".\CortexM0\ARM_GCC_493\Debug\HCSR04_Echo_2_PM.o"
Deleting file ".\CortexM0\ARM_GCC_493\Debug\HCSR04_Trigger_1.o"
Deleting file ".\CortexM0\ARM_GCC_493\Debug\HCSR04_Trigger_1_PM.o"
Deleting file ".\CortexM0\ARM_GCC_493\Debug\HCSR04_Trigger_2.o"
Deleting file ".\CortexM0\ARM_GCC_493\Debug\HCSR04_Trigger_2_PM.o"
Deleting file ".\CortexM0\ARM_GCC_493\Debug\HCSR04_Trigger_3.o"
Deleting file ".\CortexM0\ARM_GCC_493\Debug\HCSR04_Trigger_3_PM.o"
Deleting file ".\CortexM0\ARM_GCC_493\Debug\HCSR04_Trigger_4.o"
Deleting file ".\CortexM0\ARM_GCC_493\Debug\HCSR04_Trigger_4_PM.o"
Deleting file ".\CortexM0\ARM_GCC_493\Debug\HCSR04_Trigger_5.o"
Deleting file ".\CortexM0\ARM_GCC_493\Debug\HCSR04_Trigger_5_PM.o"
Deleting file ".\CortexM0\ARM_GCC_493\Debug\HCSR04_Trigger_6.o"
Deleting file ".\CortexM0\ARM_GCC_493\Debug\HCSR04_Trigger_6_PM.o"
Deleting file ".\CortexM0\ARM_GCC_493\Debug\HCSR04_Trigger_9.o"
Deleting file ".\CortexM0\ARM_GCC_493\Debug\HCSR04_Trigger_9_PM.o"
Deleting file ".\CortexM0\ARM_GCC_493\Debug\HCSR04_Trigger_10.o"
Deleting file ".\CortexM0\ARM_GCC_493\Debug\HCSR04_Trigger_10_PM.o"
Deleting file ".\CortexM0\ARM_GCC_493\Debug\HCSR04_Trigger_11.o"
Deleting file ".\CortexM0\ARM_GCC_493\Debug\HCSR04_Trigger_11_PM.o"
Deleting file ".\CortexM0\ARM_GCC_493\Debug\HCSR04_Trigger_12.o"
Deleting file ".\CortexM0\ARM_GCC_493\Debug\HCSR04_Trigger_12_PM.o"
Deleting file ".\CortexM0\ARM_GCC_493\Debug\HCSR04_Trigger_13.o"
Deleting file ".\CortexM0\ARM_GCC_493\Debug\HCSR04_Trigger_13_PM.o"
Deleting file ".\CortexM0\ARM_GCC_493\Debug\HCSR04_Trigger_14.o"
Deleting file ".\CortexM0\ARM_GCC_493\Debug\HCSR04_Trigger_14_PM.o"
Deleting file ".\CortexM0\ARM_GCC_493\Debug\HCSR04_Trigger_15.o"
Deleting file ".\CortexM0\ARM_GCC_493\Debug\HCSR04_Trigger_15_PM.o"
Deleting file ".\CortexM0\ARM_GCC_493\Debug\HCSR04_Echo_12.o"
Deleting file ".\CortexM0\ARM_GCC_493\Debug\HCSR04_Echo_12_PM.o"
Deleting file ".\CortexM0\ARM_GCC_493\Debug\HCSR04_Echo_11.o"
Deleting file ".\CortexM0\ARM_GCC_493\Debug\HCSR04_Echo_11_PM.o"
Deleting file ".\CortexM0\ARM_GCC_493\Debug\HCSR04_Echo_10.o"
Deleting file ".\CortexM0\ARM_GCC_493\Debug\HCSR04_Echo_10_PM.o"
Deleting file ".\CortexM0\ARM_GCC_493\Debug\HCSR04_Echo_9.o"
Deleting file ".\CortexM0\ARM_GCC_493\Debug\HCSR04_Echo_9_PM.o"
Deleting file ".\CortexM0\ARM_GCC_493\Debug\HCSR04_Echo_8.o"
Deleting file ".\CortexM0\ARM_GCC_493\Debug\HCSR04_Echo_8_PM.o"
Deleting file ".\CortexM0\ARM_GCC_493\Debug\HCSR04_Echo_7.o"
Deleting file ".\CortexM0\ARM_GCC_493\Debug\HCSR04_Echo_7_PM.o"
Deleting file ".\CortexM0\ARM_GCC_493\Debug\HCSR04_Echo_6.o"
Deleting file ".\CortexM0\ARM_GCC_493\Debug\HCSR04_Echo_6_PM.o"
Deleting file ".\CortexM0\ARM_GCC_493\Debug\HCSR04_Trigger_0.o"
Deleting file ".\CortexM0\ARM_GCC_493\Debug\HCSR04_Trigger_0_PM.o"
Deleting file ".\CortexM0\ARM_GCC_493\Debug\HCSR04_Echo_0.o"
Deleting file ".\CortexM0\ARM_GCC_493\Debug\HCSR04_Echo_0_PM.o"
Deleting file ".\CortexM0\ARM_GCC_493\Debug\HCSR04_Echo_1.o"
Deleting file ".\CortexM0\ARM_GCC_493\Debug\HCSR04_Echo_1_PM.o"
Deleting file ".\CortexM0\ARM_GCC_493\Debug\HCSR04_Echo_15.o"
Deleting file ".\CortexM0\ARM_GCC_493\Debug\HCSR04_Echo_15_PM.o"
Deleting file ".\CortexM0\ARM_GCC_493\Debug\HCSR04_Trigger_8.o"
Deleting file ".\CortexM0\ARM_GCC_493\Debug\HCSR04_Trigger_8_PM.o"
Deleting file ".\CortexM0\ARM_GCC_493\Debug\HCSR04_Trigger_7.o"
Deleting file ".\CortexM0\ARM_GCC_493\Debug\HCSR04_Trigger_7_PM.o"
Deleting file ".\CortexM0\ARM_GCC_493\Debug\HCSR04_Echo_14.o"
Deleting file ".\CortexM0\ARM_GCC_493\Debug\HCSR04_Echo_14_PM.o"
Deleting file ".\CortexM0\ARM_GCC_493\Debug\HCSR04_Echo_13.o"
Deleting file ".\CortexM0\ARM_GCC_493\Debug\HCSR04_Echo_13_PM.o"
Deleting file ".\CortexM0\ARM_GCC_493\Debug\SingleBoardDesign-046.hex"
Deleting file ".\CortexM0\ARM_GCC_493\Debug\SingleBoardDesign-046.elf"
Deleting file ".\CortexM0\ARM_GCC_493\Debug\SingleBoardDesign-046.map"
Deleting file ".\SingleBoardDesign-046.cycdx"
Deleting file ".\SingleBoardDesign-046.svd"
Deleting file ".\SingleBoardDesign-046.rpt"
Deleting file ".\SingleBoardDesign-046_timing.html"
Deleting file ".\CortexM0\ARM_GCC_493\Debug\.deps\C_FILE.P"
Deleting file ".\CortexM0\ARM_GCC_493\Debug\.deps\ARM_C_FILE.P"
Deleting file ".\CortexM0\ARM_GCC_493\Debug\.deps\GNU_ARM_ASM_FILE.P"
cydsfit.exe -.appdatapath "C:\Users\Tim\AppData\Local\Cypress Semiconductor\PSoC Creator\3.3" -.fdsnotice -.fdswarpdepfile=warp_dependencies.txt -.fdselabdepfile=elab_dependencies.txt -.fdsbldfile=generated_files.txt -p "D:\Documents\PSoC Creator\IdeaArlobot\SingleBoardDesign-046.cydsn\SingleBoardDesign-046.cyprj" -d CY8C4248BZI-L489 -s "D:\Documents\PSoC Creator\IdeaArlobot\SingleBoardDesign-046.cydsn\Generated_Source\PSoC4" -- -yv2 -q10 -ygs -o2 -v3 -.fftcfgtype=LE
Elaborating Design...
HDL Generation ...
Synthesis ...
Place and Route ...
Tech mapping ...
Warning: mpr.M0021: Control signal "dsrff(clock)" driving signal "cydff_1" is always "low". (App=cydsfit)
Warning: mpr.M0021: Control signal "dsrff(clock)" driving signal "cydff_2" is always "low". (App=cydsfit)
ADD: pft.M0040: information: The following 4 pin(s) will be assigned a location by the fitter: Left_HB25_Enable_Pin(0), Left_HB25_PWM_Pin(0), Right_HB25_Enable_Pin(0), Right_HB25_PWM_Pin(0)
Analog Placement ...
Analog Routing ...
Analog Code Generation ...
Digital Placement ...
Error: plm.M0005: Fixed location constraints could not be satisfied during macrocell to LAB packing.  See report file for more information. (App=cydsfit)
Dependency Generation ...
Clean Temporary Files ...
Error: cdf.M0005: CyDsFit aborted due to errors, please address all errors and rerun CyDsFit. (App=cydsfit)
--------------- Rebuild Failed: 04/09/2016 20:06:04 ---------------
