ARM GAS  C:\Users\Tim\AppData\Local\Temp\ccTz0Fxg.s 			page 1


   1              		.cpu cortex-m0
   2              		.fpu softvfp
   3              		.eabi_attribute 20, 1
   4              		.eabi_attribute 21, 1
   5              		.eabi_attribute 23, 3
   6              		.eabi_attribute 24, 1
   7              		.eabi_attribute 25, 1
   8              		.eabi_attribute 26, 1
   9              		.eabi_attribute 30, 1
  10              		.eabi_attribute 34, 0
  11              		.eabi_attribute 18, 4
  12              		.code	16
  13              		.file	"UARTCOMMS_SPI_UART_INT.c"
  14              		.text
  15              	.Ltext0:
  16              		.cfi_sections	.debug_frame
  17              		.section	.text.UARTCOMMS_SPI_UART_ISR,"ax",%progbits
  18              		.align	2
  19              		.global	UARTCOMMS_SPI_UART_ISR
  20              		.code	16
  21              		.thumb_func
  22              		.type	UARTCOMMS_SPI_UART_ISR, %function
  23              	UARTCOMMS_SPI_UART_ISR:
  24              	.LFB2:
  25              		.file 1 ".\\Generated_Source\\PSoC4\\UARTCOMMS_SPI_UART_INT.c"
   1:.\Generated_Source\PSoC4/UARTCOMMS_SPI_UART_INT.c **** /*******************************************************************************
   2:.\Generated_Source\PSoC4/UARTCOMMS_SPI_UART_INT.c **** * File Name: UARTCOMMS_SPI_UART_INT.c
   3:.\Generated_Source\PSoC4/UARTCOMMS_SPI_UART_INT.c **** * Version 3.10
   4:.\Generated_Source\PSoC4/UARTCOMMS_SPI_UART_INT.c **** *
   5:.\Generated_Source\PSoC4/UARTCOMMS_SPI_UART_INT.c **** * Description:
   6:.\Generated_Source\PSoC4/UARTCOMMS_SPI_UART_INT.c **** *  This file provides the source code to the Interrupt Service Routine for
   7:.\Generated_Source\PSoC4/UARTCOMMS_SPI_UART_INT.c **** *  the SCB Component in SPI and UART modes.
   8:.\Generated_Source\PSoC4/UARTCOMMS_SPI_UART_INT.c **** *
   9:.\Generated_Source\PSoC4/UARTCOMMS_SPI_UART_INT.c **** * Note:
  10:.\Generated_Source\PSoC4/UARTCOMMS_SPI_UART_INT.c **** *
  11:.\Generated_Source\PSoC4/UARTCOMMS_SPI_UART_INT.c **** ********************************************************************************
  12:.\Generated_Source\PSoC4/UARTCOMMS_SPI_UART_INT.c **** * Copyright 2013-2015, Cypress Semiconductor Corporation.  All rights reserved.
  13:.\Generated_Source\PSoC4/UARTCOMMS_SPI_UART_INT.c **** * You may use this file only in accordance with the license, terms, conditions,
  14:.\Generated_Source\PSoC4/UARTCOMMS_SPI_UART_INT.c **** * disclaimers, and limitations in the end user license agreement accompanying
  15:.\Generated_Source\PSoC4/UARTCOMMS_SPI_UART_INT.c **** * the software package with which this file was provided.
  16:.\Generated_Source\PSoC4/UARTCOMMS_SPI_UART_INT.c **** *******************************************************************************/
  17:.\Generated_Source\PSoC4/UARTCOMMS_SPI_UART_INT.c **** 
  18:.\Generated_Source\PSoC4/UARTCOMMS_SPI_UART_INT.c **** #include "UARTCOMMS_PVT.h"
  19:.\Generated_Source\PSoC4/UARTCOMMS_SPI_UART_INT.c **** #include "UARTCOMMS_SPI_UART_PVT.h"
  20:.\Generated_Source\PSoC4/UARTCOMMS_SPI_UART_INT.c **** #include "cyapicallbacks.h"
  21:.\Generated_Source\PSoC4/UARTCOMMS_SPI_UART_INT.c **** 
  22:.\Generated_Source\PSoC4/UARTCOMMS_SPI_UART_INT.c **** #if (UARTCOMMS_SCB_IRQ_INTERNAL)
  23:.\Generated_Source\PSoC4/UARTCOMMS_SPI_UART_INT.c **** /*******************************************************************************
  24:.\Generated_Source\PSoC4/UARTCOMMS_SPI_UART_INT.c **** * Function Name: UARTCOMMS_SPI_UART_ISR
  25:.\Generated_Source\PSoC4/UARTCOMMS_SPI_UART_INT.c **** ********************************************************************************
  26:.\Generated_Source\PSoC4/UARTCOMMS_SPI_UART_INT.c **** *
  27:.\Generated_Source\PSoC4/UARTCOMMS_SPI_UART_INT.c **** * Summary:
  28:.\Generated_Source\PSoC4/UARTCOMMS_SPI_UART_INT.c **** *  Handles the Interrupt Service Routine for the SCB SPI or UART modes.
  29:.\Generated_Source\PSoC4/UARTCOMMS_SPI_UART_INT.c **** *
  30:.\Generated_Source\PSoC4/UARTCOMMS_SPI_UART_INT.c **** * Parameters:
  31:.\Generated_Source\PSoC4/UARTCOMMS_SPI_UART_INT.c **** *  None
  32:.\Generated_Source\PSoC4/UARTCOMMS_SPI_UART_INT.c **** *
ARM GAS  C:\Users\Tim\AppData\Local\Temp\ccTz0Fxg.s 			page 2


  33:.\Generated_Source\PSoC4/UARTCOMMS_SPI_UART_INT.c **** * Return:
  34:.\Generated_Source\PSoC4/UARTCOMMS_SPI_UART_INT.c **** *  None
  35:.\Generated_Source\PSoC4/UARTCOMMS_SPI_UART_INT.c **** *
  36:.\Generated_Source\PSoC4/UARTCOMMS_SPI_UART_INT.c **** *******************************************************************************/
  37:.\Generated_Source\PSoC4/UARTCOMMS_SPI_UART_INT.c **** CY_ISR(UARTCOMMS_SPI_UART_ISR)
  38:.\Generated_Source\PSoC4/UARTCOMMS_SPI_UART_INT.c **** {
  26              		.loc 1 38 0
  27              		.cfi_startproc
  28 0000 08B5     		push	{r3, lr}
  29              		.cfi_def_cfa_offset 8
  30              		.cfi_offset 3, -8
  31              		.cfi_offset 14, -4
  39:.\Generated_Source\PSoC4/UARTCOMMS_SPI_UART_INT.c **** #if (UARTCOMMS_INTERNAL_RX_SW_BUFFER_CONST)
  40:.\Generated_Source\PSoC4/UARTCOMMS_SPI_UART_INT.c ****     uint32 locHead;
  41:.\Generated_Source\PSoC4/UARTCOMMS_SPI_UART_INT.c **** #endif /* (UARTCOMMS_INTERNAL_RX_SW_BUFFER_CONST) */
  42:.\Generated_Source\PSoC4/UARTCOMMS_SPI_UART_INT.c **** 
  43:.\Generated_Source\PSoC4/UARTCOMMS_SPI_UART_INT.c **** #if (UARTCOMMS_INTERNAL_TX_SW_BUFFER_CONST)
  44:.\Generated_Source\PSoC4/UARTCOMMS_SPI_UART_INT.c ****     uint32 locTail;
  45:.\Generated_Source\PSoC4/UARTCOMMS_SPI_UART_INT.c **** #endif /* (UARTCOMMS_INTERNAL_TX_SW_BUFFER_CONST) */
  46:.\Generated_Source\PSoC4/UARTCOMMS_SPI_UART_INT.c **** 
  47:.\Generated_Source\PSoC4/UARTCOMMS_SPI_UART_INT.c **** #ifdef UARTCOMMS_SPI_UART_ISR_ENTRY_CALLBACK
  48:.\Generated_Source\PSoC4/UARTCOMMS_SPI_UART_INT.c ****     UARTCOMMS_SPI_UART_ISR_EntryCallback();
  49:.\Generated_Source\PSoC4/UARTCOMMS_SPI_UART_INT.c **** #endif /* UARTCOMMS_SPI_UART_ISR_ENTRY_CALLBACK */
  50:.\Generated_Source\PSoC4/UARTCOMMS_SPI_UART_INT.c **** 
  51:.\Generated_Source\PSoC4/UARTCOMMS_SPI_UART_INT.c ****     if (NULL != UARTCOMMS_customIntrHandler)
  32              		.loc 1 51 0
  33 0002 164B     		ldr	r3, .L9
  34 0004 1B68     		ldr	r3, [r3]
  35 0006 002B     		cmp	r3, #0
  36 0008 00D0     		beq	.L2
  52:.\Generated_Source\PSoC4/UARTCOMMS_SPI_UART_INT.c ****     {
  53:.\Generated_Source\PSoC4/UARTCOMMS_SPI_UART_INT.c ****         UARTCOMMS_customIntrHandler();
  37              		.loc 1 53 0
  38 000a 9847     		blx	r3
  39              	.LVL0:
  40              	.L2:
  54:.\Generated_Source\PSoC4/UARTCOMMS_SPI_UART_INT.c ****     }
  55:.\Generated_Source\PSoC4/UARTCOMMS_SPI_UART_INT.c **** 
  56:.\Generated_Source\PSoC4/UARTCOMMS_SPI_UART_INT.c ****     #if (UARTCOMMS_CHECK_SPI_WAKE_ENABLE)
  57:.\Generated_Source\PSoC4/UARTCOMMS_SPI_UART_INT.c ****     {
  58:.\Generated_Source\PSoC4/UARTCOMMS_SPI_UART_INT.c ****         /* Clear SPI wakeup source */
  59:.\Generated_Source\PSoC4/UARTCOMMS_SPI_UART_INT.c ****         UARTCOMMS_ClearSpiExtClkInterruptSource(UARTCOMMS_INTR_SPI_EC_WAKE_UP);
  60:.\Generated_Source\PSoC4/UARTCOMMS_SPI_UART_INT.c ****     }
  61:.\Generated_Source\PSoC4/UARTCOMMS_SPI_UART_INT.c ****     #endif
  62:.\Generated_Source\PSoC4/UARTCOMMS_SPI_UART_INT.c **** 
  63:.\Generated_Source\PSoC4/UARTCOMMS_SPI_UART_INT.c ****     #if (UARTCOMMS_CHECK_RX_SW_BUFFER)
  64:.\Generated_Source\PSoC4/UARTCOMMS_SPI_UART_INT.c ****     {
  65:.\Generated_Source\PSoC4/UARTCOMMS_SPI_UART_INT.c ****         if (UARTCOMMS_CHECK_INTR_RX_MASKED(UARTCOMMS_INTR_RX_NOT_EMPTY))
  66:.\Generated_Source\PSoC4/UARTCOMMS_SPI_UART_INT.c ****         {
  67:.\Generated_Source\PSoC4/UARTCOMMS_SPI_UART_INT.c ****             do
  68:.\Generated_Source\PSoC4/UARTCOMMS_SPI_UART_INT.c ****             {
  69:.\Generated_Source\PSoC4/UARTCOMMS_SPI_UART_INT.c ****                 /* Move local head index */
  70:.\Generated_Source\PSoC4/UARTCOMMS_SPI_UART_INT.c ****                 locHead = (UARTCOMMS_rxBufferHead + 1u);
  71:.\Generated_Source\PSoC4/UARTCOMMS_SPI_UART_INT.c **** 
  72:.\Generated_Source\PSoC4/UARTCOMMS_SPI_UART_INT.c ****                 /* Adjust local head index */
  73:.\Generated_Source\PSoC4/UARTCOMMS_SPI_UART_INT.c ****                 if (UARTCOMMS_INTERNAL_RX_BUFFER_SIZE == locHead)
  74:.\Generated_Source\PSoC4/UARTCOMMS_SPI_UART_INT.c ****                 {
ARM GAS  C:\Users\Tim\AppData\Local\Temp\ccTz0Fxg.s 			page 3


  75:.\Generated_Source\PSoC4/UARTCOMMS_SPI_UART_INT.c ****                     locHead = 0u;
  76:.\Generated_Source\PSoC4/UARTCOMMS_SPI_UART_INT.c ****                 }
  77:.\Generated_Source\PSoC4/UARTCOMMS_SPI_UART_INT.c **** 
  78:.\Generated_Source\PSoC4/UARTCOMMS_SPI_UART_INT.c ****                 if (locHead == UARTCOMMS_rxBufferTail)
  79:.\Generated_Source\PSoC4/UARTCOMMS_SPI_UART_INT.c ****                 {
  80:.\Generated_Source\PSoC4/UARTCOMMS_SPI_UART_INT.c ****                     #if (UARTCOMMS_CHECK_UART_RTS_CONTROL_FLOW)
  81:.\Generated_Source\PSoC4/UARTCOMMS_SPI_UART_INT.c ****                     {
  82:.\Generated_Source\PSoC4/UARTCOMMS_SPI_UART_INT.c ****                         /* There is no space in the software buffer - disable the
  83:.\Generated_Source\PSoC4/UARTCOMMS_SPI_UART_INT.c ****                         * RX Not Empty interrupt source. The data elements are
  84:.\Generated_Source\PSoC4/UARTCOMMS_SPI_UART_INT.c ****                         * still being received into the RX FIFO until the RTS signal
  85:.\Generated_Source\PSoC4/UARTCOMMS_SPI_UART_INT.c ****                         * stops the transmitter. After the data element is read from the
  86:.\Generated_Source\PSoC4/UARTCOMMS_SPI_UART_INT.c ****                         * buffer, the RX Not Empty interrupt source is enabled to
  87:.\Generated_Source\PSoC4/UARTCOMMS_SPI_UART_INT.c ****                         * move the next data element in the software buffer.
  88:.\Generated_Source\PSoC4/UARTCOMMS_SPI_UART_INT.c ****                         */
  89:.\Generated_Source\PSoC4/UARTCOMMS_SPI_UART_INT.c ****                         UARTCOMMS_INTR_RX_MASK_REG &= ~UARTCOMMS_INTR_RX_NOT_EMPTY;
  90:.\Generated_Source\PSoC4/UARTCOMMS_SPI_UART_INT.c ****                         break;
  91:.\Generated_Source\PSoC4/UARTCOMMS_SPI_UART_INT.c ****                     }
  92:.\Generated_Source\PSoC4/UARTCOMMS_SPI_UART_INT.c ****                     #else
  93:.\Generated_Source\PSoC4/UARTCOMMS_SPI_UART_INT.c ****                     {
  94:.\Generated_Source\PSoC4/UARTCOMMS_SPI_UART_INT.c ****                         /* Overflow: through away received data element */
  95:.\Generated_Source\PSoC4/UARTCOMMS_SPI_UART_INT.c ****                         (void) UARTCOMMS_RX_FIFO_RD_REG;
  96:.\Generated_Source\PSoC4/UARTCOMMS_SPI_UART_INT.c ****                         UARTCOMMS_rxBufferOverflow = (uint8) UARTCOMMS_INTR_RX_OVERFLOW;
  97:.\Generated_Source\PSoC4/UARTCOMMS_SPI_UART_INT.c ****                     }
  98:.\Generated_Source\PSoC4/UARTCOMMS_SPI_UART_INT.c ****                     #endif
  99:.\Generated_Source\PSoC4/UARTCOMMS_SPI_UART_INT.c ****                 }
 100:.\Generated_Source\PSoC4/UARTCOMMS_SPI_UART_INT.c ****                 else
 101:.\Generated_Source\PSoC4/UARTCOMMS_SPI_UART_INT.c ****                 {
 102:.\Generated_Source\PSoC4/UARTCOMMS_SPI_UART_INT.c ****                     /* Store received data */
 103:.\Generated_Source\PSoC4/UARTCOMMS_SPI_UART_INT.c ****                     UARTCOMMS_PutWordInRxBuffer(locHead, UARTCOMMS_RX_FIFO_RD_REG);
 104:.\Generated_Source\PSoC4/UARTCOMMS_SPI_UART_INT.c **** 
 105:.\Generated_Source\PSoC4/UARTCOMMS_SPI_UART_INT.c ****                     /* Move head index */
 106:.\Generated_Source\PSoC4/UARTCOMMS_SPI_UART_INT.c ****                     UARTCOMMS_rxBufferHead = locHead;
 107:.\Generated_Source\PSoC4/UARTCOMMS_SPI_UART_INT.c ****                 }
 108:.\Generated_Source\PSoC4/UARTCOMMS_SPI_UART_INT.c ****             }
 109:.\Generated_Source\PSoC4/UARTCOMMS_SPI_UART_INT.c ****             while(0u != UARTCOMMS_GET_RX_FIFO_ENTRIES);
 110:.\Generated_Source\PSoC4/UARTCOMMS_SPI_UART_INT.c **** 
 111:.\Generated_Source\PSoC4/UARTCOMMS_SPI_UART_INT.c ****             UARTCOMMS_ClearRxInterruptSource(UARTCOMMS_INTR_RX_NOT_EMPTY);
 112:.\Generated_Source\PSoC4/UARTCOMMS_SPI_UART_INT.c ****         }
 113:.\Generated_Source\PSoC4/UARTCOMMS_SPI_UART_INT.c ****     }
 114:.\Generated_Source\PSoC4/UARTCOMMS_SPI_UART_INT.c ****     #endif
 115:.\Generated_Source\PSoC4/UARTCOMMS_SPI_UART_INT.c **** 
 116:.\Generated_Source\PSoC4/UARTCOMMS_SPI_UART_INT.c **** 
 117:.\Generated_Source\PSoC4/UARTCOMMS_SPI_UART_INT.c ****     #if (UARTCOMMS_CHECK_TX_SW_BUFFER)
 118:.\Generated_Source\PSoC4/UARTCOMMS_SPI_UART_INT.c ****     {
 119:.\Generated_Source\PSoC4/UARTCOMMS_SPI_UART_INT.c ****         if (UARTCOMMS_CHECK_INTR_TX_MASKED(UARTCOMMS_INTR_TX_NOT_FULL))
  41              		.loc 1 119 0
  42 000c 144B     		ldr	r3, .L9+4
  43 000e 1B68     		ldr	r3, [r3]
  44 0010 9B07     		lsl	r3, r3, #30
  45 0012 21D5     		bpl	.L1
  46              	.L6:
 120:.\Generated_Source\PSoC4/UARTCOMMS_SPI_UART_INT.c ****         {
 121:.\Generated_Source\PSoC4/UARTCOMMS_SPI_UART_INT.c ****             do
 122:.\Generated_Source\PSoC4/UARTCOMMS_SPI_UART_INT.c ****             {
 123:.\Generated_Source\PSoC4/UARTCOMMS_SPI_UART_INT.c ****                 /* Check for room in TX software buffer */
 124:.\Generated_Source\PSoC4/UARTCOMMS_SPI_UART_INT.c ****                 if (UARTCOMMS_txBufferHead != UARTCOMMS_txBufferTail)
  47              		.loc 1 124 0
ARM GAS  C:\Users\Tim\AppData\Local\Temp\ccTz0Fxg.s 			page 4


  48 0014 134B     		ldr	r3, .L9+8
  49 0016 1A68     		ldr	r2, [r3]
  50 0018 134B     		ldr	r3, .L9+12
  51 001a 1B68     		ldr	r3, [r3]
  52 001c 9A42     		cmp	r2, r3
  53 001e 13D0     		beq	.L4
 125:.\Generated_Source\PSoC4/UARTCOMMS_SPI_UART_INT.c ****                 {
 126:.\Generated_Source\PSoC4/UARTCOMMS_SPI_UART_INT.c ****                     /* Move local tail index */
 127:.\Generated_Source\PSoC4/UARTCOMMS_SPI_UART_INT.c ****                     locTail = (UARTCOMMS_txBufferTail + 1u);
  54              		.loc 1 127 0
  55 0020 114B     		ldr	r3, .L9+12
  56 0022 1B68     		ldr	r3, [r3]
  57              	.LVL1:
 128:.\Generated_Source\PSoC4/UARTCOMMS_SPI_UART_INT.c **** 
 129:.\Generated_Source\PSoC4/UARTCOMMS_SPI_UART_INT.c ****                     /* Adjust local tail index */
 130:.\Generated_Source\PSoC4/UARTCOMMS_SPI_UART_INT.c ****                     if (UARTCOMMS_TX_BUFFER_SIZE == locTail)
  58              		.loc 1 130 0
  59 0024 5A1C     		add	r2, r3, #1
  60              	.LVL2:
  61 0026 FF2B     		cmp	r3, #255
  62 0028 00D1     		bne	.L5
 131:.\Generated_Source\PSoC4/UARTCOMMS_SPI_UART_INT.c ****                     {
 132:.\Generated_Source\PSoC4/UARTCOMMS_SPI_UART_INT.c ****                         locTail = 0u;
  63              		.loc 1 132 0
  64 002a 0022     		mov	r2, #0
  65              	.LVL3:
  66              	.L5:
 133:.\Generated_Source\PSoC4/UARTCOMMS_SPI_UART_INT.c ****                     }
 134:.\Generated_Source\PSoC4/UARTCOMMS_SPI_UART_INT.c **** 
 135:.\Generated_Source\PSoC4/UARTCOMMS_SPI_UART_INT.c ****                     /* Put data into TX FIFO */
 136:.\Generated_Source\PSoC4/UARTCOMMS_SPI_UART_INT.c ****                     UARTCOMMS_TX_FIFO_WR_REG = UARTCOMMS_GetWordFromTxBuffer(locTail);
  67              		.loc 1 136 0
  68 002c 0F4B     		ldr	r3, .L9+16
  69 002e 9B5C     		ldrb	r3, [r3, r2]
  70 0030 DBB2     		uxtb	r3, r3
  71 0032 0F49     		ldr	r1, .L9+20
  72 0034 0B60     		str	r3, [r1]
 137:.\Generated_Source\PSoC4/UARTCOMMS_SPI_UART_INT.c **** 
 138:.\Generated_Source\PSoC4/UARTCOMMS_SPI_UART_INT.c ****                     /* Move tail index */
 139:.\Generated_Source\PSoC4/UARTCOMMS_SPI_UART_INT.c ****                     UARTCOMMS_txBufferTail = locTail;
  73              		.loc 1 139 0
  74 0036 0C4B     		ldr	r3, .L9+12
  75 0038 1A60     		str	r2, [r3]
 140:.\Generated_Source\PSoC4/UARTCOMMS_SPI_UART_INT.c ****                 }
 141:.\Generated_Source\PSoC4/UARTCOMMS_SPI_UART_INT.c ****                 else
 142:.\Generated_Source\PSoC4/UARTCOMMS_SPI_UART_INT.c ****                 {
 143:.\Generated_Source\PSoC4/UARTCOMMS_SPI_UART_INT.c ****                     /* TX software buffer is empty: complete transfer */
 144:.\Generated_Source\PSoC4/UARTCOMMS_SPI_UART_INT.c ****                     UARTCOMMS_DISABLE_INTR_TX(UARTCOMMS_INTR_TX_NOT_FULL);
 145:.\Generated_Source\PSoC4/UARTCOMMS_SPI_UART_INT.c ****                     break;
 146:.\Generated_Source\PSoC4/UARTCOMMS_SPI_UART_INT.c ****                 }
 147:.\Generated_Source\PSoC4/UARTCOMMS_SPI_UART_INT.c ****             }
 148:.\Generated_Source\PSoC4/UARTCOMMS_SPI_UART_INT.c ****             while (UARTCOMMS_SPI_UART_FIFO_SIZE != UARTCOMMS_GET_TX_FIFO_ENTRIES);
  76              		.loc 1 148 0
  77 003a 0E4B     		ldr	r3, .L9+24
  78 003c 1B68     		ldr	r3, [r3]
  79 003e 1F22     		mov	r2, #31
  80              	.LVL4:
ARM GAS  C:\Users\Tim\AppData\Local\Temp\ccTz0Fxg.s 			page 5


  81 0040 1340     		and	r3, r2
  82 0042 082B     		cmp	r3, #8
  83 0044 E6D1     		bne	.L6
  84 0046 04E0     		b	.L7
  85              	.LVL5:
  86              	.L4:
 144:.\Generated_Source\PSoC4/UARTCOMMS_SPI_UART_INT.c ****                     break;
  87              		.loc 1 144 0
  88 0048 0B4A     		ldr	r2, .L9+28
  89 004a 1368     		ldr	r3, [r2]
  90 004c 0221     		mov	r1, #2
  91 004e 8B43     		bic	r3, r1
  92 0050 1360     		str	r3, [r2]
  93              	.L7:
 149:.\Generated_Source\PSoC4/UARTCOMMS_SPI_UART_INT.c **** 
 150:.\Generated_Source\PSoC4/UARTCOMMS_SPI_UART_INT.c ****             UARTCOMMS_ClearTxInterruptSource(UARTCOMMS_INTR_TX_NOT_FULL);
  94              		.loc 1 150 0
  95 0052 0222     		mov	r2, #2
  96 0054 094B     		ldr	r3, .L9+32
  97 0056 1A60     		str	r2, [r3]
  98              	.L1:
 151:.\Generated_Source\PSoC4/UARTCOMMS_SPI_UART_INT.c ****         }
 152:.\Generated_Source\PSoC4/UARTCOMMS_SPI_UART_INT.c ****     }
 153:.\Generated_Source\PSoC4/UARTCOMMS_SPI_UART_INT.c ****     #endif
 154:.\Generated_Source\PSoC4/UARTCOMMS_SPI_UART_INT.c ****     
 155:.\Generated_Source\PSoC4/UARTCOMMS_SPI_UART_INT.c **** #ifdef UARTCOMMS_SPI_UART_ISR_EXIT_CALLBACK
 156:.\Generated_Source\PSoC4/UARTCOMMS_SPI_UART_INT.c ****     UARTCOMMS_SPI_UART_ISR_ExitCallback();
 157:.\Generated_Source\PSoC4/UARTCOMMS_SPI_UART_INT.c **** #endif /* UARTCOMMS_SPI_UART_ISR_EXIT_CALLBACK */
 158:.\Generated_Source\PSoC4/UARTCOMMS_SPI_UART_INT.c ****     
 159:.\Generated_Source\PSoC4/UARTCOMMS_SPI_UART_INT.c **** }
  99              		.loc 1 159 0
 100              		@ sp needed
 101 0058 08BD     		pop	{r3, pc}
 102              	.L10:
 103 005a C046     		.align	2
 104              	.L9:
 105 005c 00000000 		.word	UARTCOMMS_customIntrHandler
 106 0060 8C0F2440 		.word	1076105100
 107 0064 00000000 		.word	UARTCOMMS_txBufferHead
 108 0068 00000000 		.word	UARTCOMMS_txBufferTail
 109 006c 00000000 		.word	UARTCOMMS_txBufferInternal
 110 0070 40022440 		.word	1076101696
 111 0074 08022440 		.word	1076101640
 112 0078 880F2440 		.word	1076105096
 113 007c 800F2440 		.word	1076105088
 114              		.cfi_endproc
 115              	.LFE2:
 116              		.size	UARTCOMMS_SPI_UART_ISR, .-UARTCOMMS_SPI_UART_ISR
 117              		.text
 118              	.Letext0:
 119              		.file 2 "Generated_Source\\PSoC4/cytypes.h"
 120              		.file 3 ".\\Generated_Source\\PSoC4\\UARTCOMMS_PVT.h"
 121              		.file 4 ".\\Generated_Source\\PSoC4\\UARTCOMMS_SPI_UART_PVT.h"
 122              		.section	.debug_info,"",%progbits
 123              	.Ldebug_info0:
 124 0000 26010000 		.4byte	0x126
 125 0004 0400     		.2byte	0x4
ARM GAS  C:\Users\Tim\AppData\Local\Temp\ccTz0Fxg.s 			page 6


 126 0006 00000000 		.4byte	.Ldebug_abbrev0
 127 000a 04       		.byte	0x4
 128 000b 01       		.uleb128 0x1
 129 000c 97010000 		.4byte	.LASF21
 130 0010 01       		.byte	0x1
 131 0011 DD000000 		.4byte	.LASF22
 132 0015 5E000000 		.4byte	.LASF23
 133 0019 00000000 		.4byte	.Ldebug_ranges0+0
 134 001d 00000000 		.4byte	0
 135 0021 00000000 		.4byte	.Ldebug_line0
 136 0025 02       		.uleb128 0x2
 137 0026 01       		.byte	0x1
 138 0027 06       		.byte	0x6
 139 0028 74010000 		.4byte	.LASF0
 140 002c 02       		.uleb128 0x2
 141 002d 01       		.byte	0x1
 142 002e 08       		.byte	0x8
 143 002f 2B010000 		.4byte	.LASF1
 144 0033 02       		.uleb128 0x2
 145 0034 02       		.byte	0x2
 146 0035 05       		.byte	0x5
 147 0036 25020000 		.4byte	.LASF2
 148 003a 02       		.uleb128 0x2
 149 003b 02       		.byte	0x2
 150 003c 07       		.byte	0x7
 151 003d 61010000 		.4byte	.LASF3
 152 0041 02       		.uleb128 0x2
 153 0042 04       		.byte	0x4
 154 0043 05       		.byte	0x5
 155 0044 3E010000 		.4byte	.LASF4
 156 0048 02       		.uleb128 0x2
 157 0049 04       		.byte	0x4
 158 004a 07       		.byte	0x7
 159 004b A6000000 		.4byte	.LASF5
 160 004f 02       		.uleb128 0x2
 161 0050 08       		.byte	0x8
 162 0051 05       		.byte	0x5
 163 0052 00000000 		.4byte	.LASF6
 164 0056 02       		.uleb128 0x2
 165 0057 08       		.byte	0x8
 166 0058 07       		.byte	0x7
 167 0059 B8000000 		.4byte	.LASF7
 168 005d 03       		.uleb128 0x3
 169 005e 04       		.byte	0x4
 170 005f 05       		.byte	0x5
 171 0060 696E7400 		.ascii	"int\000"
 172 0064 02       		.uleb128 0x2
 173 0065 04       		.byte	0x4
 174 0066 07       		.byte	0x7
 175 0067 2F020000 		.4byte	.LASF8
 176 006b 04       		.uleb128 0x4
 177 006c A0000000 		.4byte	.LASF9
 178 0070 02       		.byte	0x2
 179 0071 3801     		.2byte	0x138
 180 0073 2C000000 		.4byte	0x2c
 181 0077 04       		.uleb128 0x4
 182 0078 0E000000 		.4byte	.LASF10
ARM GAS  C:\Users\Tim\AppData\Local\Temp\ccTz0Fxg.s 			page 7


 183 007c 02       		.byte	0x2
 184 007d 3A01     		.2byte	0x13a
 185 007f 48000000 		.4byte	0x48
 186 0083 02       		.uleb128 0x2
 187 0084 04       		.byte	0x4
 188 0085 04       		.byte	0x4
 189 0086 D7000000 		.4byte	.LASF11
 190 008a 02       		.uleb128 0x2
 191 008b 08       		.byte	0x8
 192 008c 04       		.byte	0x4
 193 008d 54010000 		.4byte	.LASF12
 194 0091 02       		.uleb128 0x2
 195 0092 01       		.byte	0x1
 196 0093 08       		.byte	0x8
 197 0094 39010000 		.4byte	.LASF13
 198 0098 04       		.uleb128 0x4
 199 0099 5B010000 		.4byte	.LASF14
 200 009d 02       		.byte	0x2
 201 009e E401     		.2byte	0x1e4
 202 00a0 A4000000 		.4byte	0xa4
 203 00a4 05       		.uleb128 0x5
 204 00a5 77000000 		.4byte	0x77
 205 00a9 04       		.uleb128 0x4
 206 00aa 47010000 		.4byte	.LASF15
 207 00ae 02       		.byte	0x2
 208 00af F401     		.2byte	0x1f4
 209 00b1 B5000000 		.4byte	0xb5
 210 00b5 06       		.uleb128 0x6
 211 00b6 04       		.byte	0x4
 212 00b7 BB000000 		.4byte	0xbb
 213 00bb 07       		.uleb128 0x7
 214 00bc 02       		.uleb128 0x2
 215 00bd 04       		.byte	0x4
 216 00be 07       		.byte	0x7
 217 00bf 3C020000 		.4byte	.LASF16
 218 00c3 08       		.uleb128 0x8
 219 00c4 80010000 		.4byte	.LASF24
 220 00c8 01       		.byte	0x1
 221 00c9 25       		.byte	0x25
 222 00ca 00000000 		.4byte	.LFB2
 223 00ce 80000000 		.4byte	.LFE2-.LFB2
 224 00d2 01       		.uleb128 0x1
 225 00d3 9C       		.byte	0x9c
 226 00d4 E8000000 		.4byte	0xe8
 227 00d8 09       		.uleb128 0x9
 228 00d9 CF000000 		.4byte	.LASF25
 229 00dd 01       		.byte	0x1
 230 00de 2C       		.byte	0x2c
 231 00df 77000000 		.4byte	0x77
 232 00e3 00000000 		.4byte	.LLST0
 233 00e7 00       		.byte	0
 234 00e8 0A       		.uleb128 0xa
 235 00e9 0F010000 		.4byte	.LASF17
 236 00ed 03       		.byte	0x3
 237 00ee 3A       		.byte	0x3a
 238 00ef A9000000 		.4byte	0xa9
 239 00f3 0A       		.uleb128 0xa
ARM GAS  C:\Users\Tim\AppData\Local\Temp\ccTz0Fxg.s 			page 8


 240 00f4 30000000 		.4byte	.LASF18
 241 00f8 04       		.byte	0x4
 242 00f9 24       		.byte	0x24
 243 00fa A4000000 		.4byte	0xa4
 244 00fe 0A       		.uleb128 0xa
 245 00ff 47000000 		.4byte	.LASF19
 246 0103 04       		.byte	0x4
 247 0104 25       		.byte	0x25
 248 0105 A4000000 		.4byte	0xa4
 249 0109 0B       		.uleb128 0xb
 250 010a 6B000000 		.4byte	0x6b
 251 010e 19010000 		.4byte	0x119
 252 0112 0C       		.uleb128 0xc
 253 0113 BC000000 		.4byte	0xbc
 254 0117 FF       		.byte	0xff
 255 0118 00       		.byte	0
 256 0119 0A       		.uleb128 0xa
 257 011a 15000000 		.4byte	.LASF20
 258 011e 04       		.byte	0x4
 259 011f 2D       		.byte	0x2d
 260 0120 24010000 		.4byte	0x124
 261 0124 05       		.uleb128 0x5
 262 0125 09010000 		.4byte	0x109
 263 0129 00       		.byte	0
 264              		.section	.debug_abbrev,"",%progbits
 265              	.Ldebug_abbrev0:
 266 0000 01       		.uleb128 0x1
 267 0001 11       		.uleb128 0x11
 268 0002 01       		.byte	0x1
 269 0003 25       		.uleb128 0x25
 270 0004 0E       		.uleb128 0xe
 271 0005 13       		.uleb128 0x13
 272 0006 0B       		.uleb128 0xb
 273 0007 03       		.uleb128 0x3
 274 0008 0E       		.uleb128 0xe
 275 0009 1B       		.uleb128 0x1b
 276 000a 0E       		.uleb128 0xe
 277 000b 55       		.uleb128 0x55
 278 000c 17       		.uleb128 0x17
 279 000d 11       		.uleb128 0x11
 280 000e 01       		.uleb128 0x1
 281 000f 10       		.uleb128 0x10
 282 0010 17       		.uleb128 0x17
 283 0011 00       		.byte	0
 284 0012 00       		.byte	0
 285 0013 02       		.uleb128 0x2
 286 0014 24       		.uleb128 0x24
 287 0015 00       		.byte	0
 288 0016 0B       		.uleb128 0xb
 289 0017 0B       		.uleb128 0xb
 290 0018 3E       		.uleb128 0x3e
 291 0019 0B       		.uleb128 0xb
 292 001a 03       		.uleb128 0x3
 293 001b 0E       		.uleb128 0xe
 294 001c 00       		.byte	0
 295 001d 00       		.byte	0
 296 001e 03       		.uleb128 0x3
ARM GAS  C:\Users\Tim\AppData\Local\Temp\ccTz0Fxg.s 			page 9


 297 001f 24       		.uleb128 0x24
 298 0020 00       		.byte	0
 299 0021 0B       		.uleb128 0xb
 300 0022 0B       		.uleb128 0xb
 301 0023 3E       		.uleb128 0x3e
 302 0024 0B       		.uleb128 0xb
 303 0025 03       		.uleb128 0x3
 304 0026 08       		.uleb128 0x8
 305 0027 00       		.byte	0
 306 0028 00       		.byte	0
 307 0029 04       		.uleb128 0x4
 308 002a 16       		.uleb128 0x16
 309 002b 00       		.byte	0
 310 002c 03       		.uleb128 0x3
 311 002d 0E       		.uleb128 0xe
 312 002e 3A       		.uleb128 0x3a
 313 002f 0B       		.uleb128 0xb
 314 0030 3B       		.uleb128 0x3b
 315 0031 05       		.uleb128 0x5
 316 0032 49       		.uleb128 0x49
 317 0033 13       		.uleb128 0x13
 318 0034 00       		.byte	0
 319 0035 00       		.byte	0
 320 0036 05       		.uleb128 0x5
 321 0037 35       		.uleb128 0x35
 322 0038 00       		.byte	0
 323 0039 49       		.uleb128 0x49
 324 003a 13       		.uleb128 0x13
 325 003b 00       		.byte	0
 326 003c 00       		.byte	0
 327 003d 06       		.uleb128 0x6
 328 003e 0F       		.uleb128 0xf
 329 003f 00       		.byte	0
 330 0040 0B       		.uleb128 0xb
 331 0041 0B       		.uleb128 0xb
 332 0042 49       		.uleb128 0x49
 333 0043 13       		.uleb128 0x13
 334 0044 00       		.byte	0
 335 0045 00       		.byte	0
 336 0046 07       		.uleb128 0x7
 337 0047 15       		.uleb128 0x15
 338 0048 00       		.byte	0
 339 0049 27       		.uleb128 0x27
 340 004a 19       		.uleb128 0x19
 341 004b 00       		.byte	0
 342 004c 00       		.byte	0
 343 004d 08       		.uleb128 0x8
 344 004e 2E       		.uleb128 0x2e
 345 004f 01       		.byte	0x1
 346 0050 3F       		.uleb128 0x3f
 347 0051 19       		.uleb128 0x19
 348 0052 03       		.uleb128 0x3
 349 0053 0E       		.uleb128 0xe
 350 0054 3A       		.uleb128 0x3a
 351 0055 0B       		.uleb128 0xb
 352 0056 3B       		.uleb128 0x3b
 353 0057 0B       		.uleb128 0xb
ARM GAS  C:\Users\Tim\AppData\Local\Temp\ccTz0Fxg.s 			page 10


 354 0058 27       		.uleb128 0x27
 355 0059 19       		.uleb128 0x19
 356 005a 11       		.uleb128 0x11
 357 005b 01       		.uleb128 0x1
 358 005c 12       		.uleb128 0x12
 359 005d 06       		.uleb128 0x6
 360 005e 40       		.uleb128 0x40
 361 005f 18       		.uleb128 0x18
 362 0060 9642     		.uleb128 0x2116
 363 0062 19       		.uleb128 0x19
 364 0063 01       		.uleb128 0x1
 365 0064 13       		.uleb128 0x13
 366 0065 00       		.byte	0
 367 0066 00       		.byte	0
 368 0067 09       		.uleb128 0x9
 369 0068 34       		.uleb128 0x34
 370 0069 00       		.byte	0
 371 006a 03       		.uleb128 0x3
 372 006b 0E       		.uleb128 0xe
 373 006c 3A       		.uleb128 0x3a
 374 006d 0B       		.uleb128 0xb
 375 006e 3B       		.uleb128 0x3b
 376 006f 0B       		.uleb128 0xb
 377 0070 49       		.uleb128 0x49
 378 0071 13       		.uleb128 0x13
 379 0072 02       		.uleb128 0x2
 380 0073 17       		.uleb128 0x17
 381 0074 00       		.byte	0
 382 0075 00       		.byte	0
 383 0076 0A       		.uleb128 0xa
 384 0077 34       		.uleb128 0x34
 385 0078 00       		.byte	0
 386 0079 03       		.uleb128 0x3
 387 007a 0E       		.uleb128 0xe
 388 007b 3A       		.uleb128 0x3a
 389 007c 0B       		.uleb128 0xb
 390 007d 3B       		.uleb128 0x3b
 391 007e 0B       		.uleb128 0xb
 392 007f 49       		.uleb128 0x49
 393 0080 13       		.uleb128 0x13
 394 0081 3F       		.uleb128 0x3f
 395 0082 19       		.uleb128 0x19
 396 0083 3C       		.uleb128 0x3c
 397 0084 19       		.uleb128 0x19
 398 0085 00       		.byte	0
 399 0086 00       		.byte	0
 400 0087 0B       		.uleb128 0xb
 401 0088 01       		.uleb128 0x1
 402 0089 01       		.byte	0x1
 403 008a 49       		.uleb128 0x49
 404 008b 13       		.uleb128 0x13
 405 008c 01       		.uleb128 0x1
 406 008d 13       		.uleb128 0x13
 407 008e 00       		.byte	0
 408 008f 00       		.byte	0
 409 0090 0C       		.uleb128 0xc
 410 0091 21       		.uleb128 0x21
ARM GAS  C:\Users\Tim\AppData\Local\Temp\ccTz0Fxg.s 			page 11


 411 0092 00       		.byte	0
 412 0093 49       		.uleb128 0x49
 413 0094 13       		.uleb128 0x13
 414 0095 2F       		.uleb128 0x2f
 415 0096 0B       		.uleb128 0xb
 416 0097 00       		.byte	0
 417 0098 00       		.byte	0
 418 0099 00       		.byte	0
 419              		.section	.debug_loc,"",%progbits
 420              	.Ldebug_loc0:
 421              	.LLST0:
 422 0000 24000000 		.4byte	.LVL1
 423 0004 26000000 		.4byte	.LVL2
 424 0008 0300     		.2byte	0x3
 425 000a 73       		.byte	0x73
 426 000b 01       		.sleb128 1
 427 000c 9F       		.byte	0x9f
 428 000d 26000000 		.4byte	.LVL2
 429 0011 40000000 		.4byte	.LVL4
 430 0015 0100     		.2byte	0x1
 431 0017 52       		.byte	0x52
 432 0018 00000000 		.4byte	0
 433 001c 00000000 		.4byte	0
 434              		.section	.debug_aranges,"",%progbits
 435 0000 1C000000 		.4byte	0x1c
 436 0004 0200     		.2byte	0x2
 437 0006 00000000 		.4byte	.Ldebug_info0
 438 000a 04       		.byte	0x4
 439 000b 00       		.byte	0
 440 000c 0000     		.2byte	0
 441 000e 0000     		.2byte	0
 442 0010 00000000 		.4byte	.LFB2
 443 0014 80000000 		.4byte	.LFE2-.LFB2
 444 0018 00000000 		.4byte	0
 445 001c 00000000 		.4byte	0
 446              		.section	.debug_ranges,"",%progbits
 447              	.Ldebug_ranges0:
 448 0000 00000000 		.4byte	.LFB2
 449 0004 80000000 		.4byte	.LFE2
 450 0008 00000000 		.4byte	0
 451 000c 00000000 		.4byte	0
 452              		.section	.debug_line,"",%progbits
 453              	.Ldebug_line0:
 454 0000 C6000000 		.section	.debug_str,"MS",%progbits,1
 454      02009B00 
 454      00000201 
 454      FB0E0D00 
 454      01010101 
 455              	.LASF6:
 456 0000 6C6F6E67 		.ascii	"long long int\000"
 456      206C6F6E 
 456      6720696E 
 456      7400
 457              	.LASF10:
 458 000e 75696E74 		.ascii	"uint32\000"
 458      333200
 459              	.LASF20:
ARM GAS  C:\Users\Tim\AppData\Local\Temp\ccTz0Fxg.s 			page 12


 460 0015 55415254 		.ascii	"UARTCOMMS_txBufferInternal\000"
 460      434F4D4D 
 460      535F7478 
 460      42756666 
 460      6572496E 
 461              	.LASF18:
 462 0030 55415254 		.ascii	"UARTCOMMS_txBufferHead\000"
 462      434F4D4D 
 462      535F7478 
 462      42756666 
 462      65724865 
 463              	.LASF19:
 464 0047 55415254 		.ascii	"UARTCOMMS_txBufferTail\000"
 464      434F4D4D 
 464      535F7478 
 464      42756666 
 464      65725461 
 465              	.LASF23:
 466 005e 443A5C44 		.ascii	"D:\\Documents\\PSoC Creator\\IdeaArlobot\\SingleBoa"
 466      6F63756D 
 466      656E7473 
 466      5C50536F 
 466      43204372 
 467 008d 72644465 		.ascii	"rdDesign-046.cydsn\000"
 467      7369676E 
 467      2D303436 
 467      2E637964 
 467      736E00
 468              	.LASF9:
 469 00a0 75696E74 		.ascii	"uint8\000"
 469      3800
 470              	.LASF5:
 471 00a6 6C6F6E67 		.ascii	"long unsigned int\000"
 471      20756E73 
 471      69676E65 
 471      6420696E 
 471      7400
 472              	.LASF7:
 473 00b8 6C6F6E67 		.ascii	"long long unsigned int\000"
 473      206C6F6E 
 473      6720756E 
 473      7369676E 
 473      65642069 
 474              	.LASF25:
 475 00cf 6C6F6354 		.ascii	"locTail\000"
 475      61696C00 
 476              	.LASF11:
 477 00d7 666C6F61 		.ascii	"float\000"
 477      7400
 478              	.LASF22:
 479 00dd 2E5C4765 		.ascii	".\\Generated_Source\\PSoC4\\UARTCOMMS_SPI_UART_INT."
 479      6E657261 
 479      7465645F 
 479      536F7572 
 479      63655C50 
 480 010d 6300     		.ascii	"c\000"
 481              	.LASF17:
ARM GAS  C:\Users\Tim\AppData\Local\Temp\ccTz0Fxg.s 			page 13


 482 010f 55415254 		.ascii	"UARTCOMMS_customIntrHandler\000"
 482      434F4D4D 
 482      535F6375 
 482      73746F6D 
 482      496E7472 
 483              	.LASF1:
 484 012b 756E7369 		.ascii	"unsigned char\000"
 484      676E6564 
 484      20636861 
 484      7200
 485              	.LASF13:
 486 0139 63686172 		.ascii	"char\000"
 486      00
 487              	.LASF4:
 488 013e 6C6F6E67 		.ascii	"long int\000"
 488      20696E74 
 488      00
 489              	.LASF15:
 490 0147 63796973 		.ascii	"cyisraddress\000"
 490      72616464 
 490      72657373 
 490      00
 491              	.LASF12:
 492 0154 646F7562 		.ascii	"double\000"
 492      6C6500
 493              	.LASF14:
 494 015b 72656733 		.ascii	"reg32\000"
 494      3200
 495              	.LASF3:
 496 0161 73686F72 		.ascii	"short unsigned int\000"
 496      7420756E 
 496      7369676E 
 496      65642069 
 496      6E7400
 497              	.LASF0:
 498 0174 7369676E 		.ascii	"signed char\000"
 498      65642063 
 498      68617200 
 499              	.LASF24:
 500 0180 55415254 		.ascii	"UARTCOMMS_SPI_UART_ISR\000"
 500      434F4D4D 
 500      535F5350 
 500      495F5541 
 500      52545F49 
 501              	.LASF21:
 502 0197 474E5520 		.ascii	"GNU C 4.9.3 20150303 (release) [ARM/embedded-4_9-br"
 502      4320342E 
 502      392E3320 
 502      32303135 
 502      30333033 
 503 01ca 616E6368 		.ascii	"anch revision 221220] -mcpu=cortex-m0 -mthumb -g -O"
 503      20726576 
 503      6973696F 
 503      6E203232 
 503      31323230 
 504 01fd 67202D66 		.ascii	"g -ffunction-sections -ffat-lto-objects\000"
 504      66756E63 
ARM GAS  C:\Users\Tim\AppData\Local\Temp\ccTz0Fxg.s 			page 14


 504      74696F6E 
 504      2D736563 
 504      74696F6E 
 505              	.LASF2:
 506 0225 73686F72 		.ascii	"short int\000"
 506      7420696E 
 506      7400
 507              	.LASF8:
 508 022f 756E7369 		.ascii	"unsigned int\000"
 508      676E6564 
 508      20696E74 
 508      00
 509              	.LASF16:
 510 023c 73697A65 		.ascii	"sizetype\000"
 510      74797065 
 510      00
 511              		.ident	"GCC: (GNU Tools for ARM Embedded Processors) 4.9.3 20150303 (release) [ARM/embedded-4_9-br
